2023-04-26 01:02:21.384 INFO  [restartedMain] [c.e.e.E114Eumyuratodemo1Application] - Starting E114Eumyuratodemo1Application using Java 11 on DESKTOP-2AAO9KL with PID 249900 (C:\Users\User\IdeaProjects\E114_Eumyurato\build\classes\java\main started by User in C:\Users\User\IdeaProjects\E114_Eumyurato)
2023-04-26 01:02:21.386 INFO  [restartedMain] [c.e.e.E114Eumyuratodemo1Application] - No active profile set, falling back to 1 default profile: "default"
2023-04-26 01:02:21.412 INFO  [restartedMain] [o.s.b.d.e.DevToolsPropertyDefaultsPostProcessor] - Devtools property defaults active! Set 'spring.devtools.add-properties' to 'false' to disable
2023-04-26 01:02:21.412 INFO  [restartedMain] [o.s.b.d.e.DevToolsPropertyDefaultsPostProcessor] - For additional web related logging consider setting the 'logging.level.web' property to 'DEBUG'
2023-04-26 01:02:21.795 INFO  [restartedMain] [o.s.d.r.c.RepositoryConfigurationDelegate] - Bootstrapping Spring Data JDBC repositories in DEFAULT mode.
2023-04-26 01:02:21.804 INFO  [restartedMain] [o.s.d.r.c.RepositoryConfigurationDelegate] - Finished Spring Data repository scanning in 5 ms. Found 0 JDBC repository interfaces.
2023-04-26 01:02:21.974 INFO  [restartedMain] [o.s.c.s.PostProcessorRegistrationDelegate$BeanPostProcessorChecker] - Bean 'org.springframework.ws.config.annotation.DelegatingWsConfiguration' of type [org.springframework.ws.config.annotation.DelegatingWsConfiguration$$EnhancerBySpringCGLIB$$db9645c] is not eligible for getting processed by all BeanPostProcessors (for example: not eligible for auto-proxying)
2023-04-26 01:02:21.992 INFO  [restartedMain] [o.s.w.s.a.s.AnnotationActionEndpointMapping] - Supporting [WS-Addressing August 2004, WS-Addressing 1.0]
2023-04-26 01:02:22.174 INFO  [restartedMain] [o.s.b.w.embedded.tomcat.TomcatWebServer] - Tomcat initialized with port(s): 8081 (http)
2023-04-26 01:02:22.180 INFO  [restartedMain] [o.apache.coyote.http11.Http11NioProtocol] - Initializing ProtocolHandler ["http-nio-8081"]
2023-04-26 01:02:22.181 INFO  [restartedMain] [org.apache.catalina.core.StandardService] - Starting service [Tomcat]
2023-04-26 01:02:22.181 INFO  [restartedMain] [org.apache.catalina.core.StandardEngine] - Starting Servlet engine: [Apache Tomcat/9.0.73]
2023-04-26 01:02:22.234 INFO  [restartedMain] [o.a.c.c.C.[Tomcat].[localhost].[/]] - Initializing Spring embedded WebApplicationContext
2023-04-26 01:02:22.234 INFO  [restartedMain] [o.s.b.w.s.c.ServletWebServerApplicationContext] - Root WebApplicationContext: initialization completed in 822 ms
2023-04-26 01:02:22.402 WARN  [restartedMain] [o.s.b.w.s.c.AnnotationConfigServletWebServerApplicationContext] - Exception encountered during context initialization - cancelling refresh attempt: org.springframework.beans.factory.UnsatisfiedDependencyException: Error creating bean with name 'authProvider': Unsatisfied dependency expressed through field 'userService'; nested exception is org.springframework.beans.factory.UnsatisfiedDependencyException: Error creating bean with name 'userService': Unsatisfied dependency expressed through field 'passwordEncoder'; nested exception is org.springframework.beans.factory.NoSuchBeanDefinitionException: No qualifying bean of type 'org.springframework.security.crypto.password.PasswordEncoder' available: expected at least 1 bean which qualifies as autowire candidate. Dependency annotations: {@org.springframework.beans.factory.annotation.Autowired(required=true)}
2023-04-26 01:02:22.405 INFO  [restartedMain] [org.apache.catalina.core.StandardService] - Stopping service [Tomcat]
2023-04-26 01:02:22.413 INFO  [restartedMain] [o.s.b.a.l.ConditionEvaluationReportLoggingListener] - 

Error starting ApplicationContext. To display the conditions report re-run your application with 'debug' enabled.
2023-04-26 01:02:22.430 ERROR [restartedMain] [o.s.b.d.LoggingFailureAnalysisReporter] - 

***************************
APPLICATION FAILED TO START
***************************

Description:

Field passwordEncoder in com.e114.e114_eumyuratodemo1.service.UserService required a bean of type 'org.springframework.security.crypto.password.PasswordEncoder' that could not be found.

The injection point has the following annotations:
	- @org.springframework.beans.factory.annotation.Autowired(required=true)


Action:

Consider defining a bean of type 'org.springframework.security.crypto.password.PasswordEncoder' in your configuration.

2023-04-26 01:27:37.799 INFO  [restartedMain] [c.e.e.E114Eumyuratodemo1Application] - Starting E114Eumyuratodemo1Application using Java 11 on DESKTOP-2AAO9KL with PID 247772 (C:\Users\User\IdeaProjects\E114_Eumyurato\build\classes\java\main started by User in C:\Users\User\IdeaProjects\E114_Eumyurato)
2023-04-26 01:27:37.800 INFO  [restartedMain] [c.e.e.E114Eumyuratodemo1Application] - No active profile set, falling back to 1 default profile: "default"
2023-04-26 01:27:37.828 INFO  [restartedMain] [o.s.b.d.e.DevToolsPropertyDefaultsPostProcessor] - Devtools property defaults active! Set 'spring.devtools.add-properties' to 'false' to disable
2023-04-26 01:27:37.828 INFO  [restartedMain] [o.s.b.d.e.DevToolsPropertyDefaultsPostProcessor] - For additional web related logging consider setting the 'logging.level.web' property to 'DEBUG'
2023-04-26 01:27:38.233 INFO  [restartedMain] [o.s.d.r.c.RepositoryConfigurationDelegate] - Bootstrapping Spring Data JDBC repositories in DEFAULT mode.
2023-04-26 01:27:38.242 INFO  [restartedMain] [o.s.d.r.c.RepositoryConfigurationDelegate] - Finished Spring Data repository scanning in 6 ms. Found 0 JDBC repository interfaces.
2023-04-26 01:27:38.418 INFO  [restartedMain] [o.s.c.s.PostProcessorRegistrationDelegate$BeanPostProcessorChecker] - Bean 'org.springframework.ws.config.annotation.DelegatingWsConfiguration' of type [org.springframework.ws.config.annotation.DelegatingWsConfiguration$$EnhancerBySpringCGLIB$$f5367b4f] is not eligible for getting processed by all BeanPostProcessors (for example: not eligible for auto-proxying)
2023-04-26 01:27:38.436 INFO  [restartedMain] [o.s.w.s.a.s.AnnotationActionEndpointMapping] - Supporting [WS-Addressing August 2004, WS-Addressing 1.0]
2023-04-26 01:27:38.608 INFO  [restartedMain] [o.s.b.w.embedded.tomcat.TomcatWebServer] - Tomcat initialized with port(s): 8081 (http)
2023-04-26 01:27:38.614 INFO  [restartedMain] [o.apache.coyote.http11.Http11NioProtocol] - Initializing ProtocolHandler ["http-nio-8081"]
2023-04-26 01:27:38.615 INFO  [restartedMain] [org.apache.catalina.core.StandardService] - Starting service [Tomcat]
2023-04-26 01:27:38.615 INFO  [restartedMain] [org.apache.catalina.core.StandardEngine] - Starting Servlet engine: [Apache Tomcat/9.0.73]
2023-04-26 01:27:38.673 INFO  [restartedMain] [o.a.c.c.C.[Tomcat].[localhost].[/]] - Initializing Spring embedded WebApplicationContext
2023-04-26 01:27:38.673 INFO  [restartedMain] [o.s.b.w.s.c.ServletWebServerApplicationContext] - Root WebApplicationContext: initialization completed in 844 ms
2023-04-26 01:27:38.844 WARN  [restartedMain] [o.s.b.w.s.c.AnnotationConfigServletWebServerApplicationContext] - Exception encountered during context initialization - cancelling refresh attempt: org.springframework.beans.factory.UnsatisfiedDependencyException: Error creating bean with name 'authProvider': Unsatisfied dependency expressed through field 'userService'; nested exception is org.springframework.beans.factory.UnsatisfiedDependencyException: Error creating bean with name 'userService': Unsatisfied dependency expressed through field 'passwordEncoder'; nested exception is org.springframework.beans.factory.NoSuchBeanDefinitionException: No qualifying bean of type 'org.springframework.security.crypto.password.PasswordEncoder' available: expected at least 1 bean which qualifies as autowire candidate. Dependency annotations: {@org.springframework.beans.factory.annotation.Autowired(required=true)}
2023-04-26 01:27:38.846 INFO  [restartedMain] [org.apache.catalina.core.StandardService] - Stopping service [Tomcat]
2023-04-26 01:27:38.853 INFO  [restartedMain] [o.s.b.a.l.ConditionEvaluationReportLoggingListener] - 

Error starting ApplicationContext. To display the conditions report re-run your application with 'debug' enabled.
2023-04-26 01:27:38.869 ERROR [restartedMain] [o.s.b.d.LoggingFailureAnalysisReporter] - 

***************************
APPLICATION FAILED TO START
***************************

Description:

Field passwordEncoder in com.e114.e114_eumyuratodemo1.service.UserService required a bean of type 'org.springframework.security.crypto.password.PasswordEncoder' that could not be found.

The injection point has the following annotations:
	- @org.springframework.beans.factory.annotation.Autowired(required=true)


Action:

Consider defining a bean of type 'org.springframework.security.crypto.password.PasswordEncoder' in your configuration.

2023-04-26 01:29:44.760 INFO  [restartedMain] [c.e.e.E114Eumyuratodemo1Application] - Starting E114Eumyuratodemo1Application using Java 11 on DESKTOP-2AAO9KL with PID 249984 (C:\Users\User\IdeaProjects\E114_Eumyurato\build\classes\java\main started by User in C:\Users\User\IdeaProjects\E114_Eumyurato)
2023-04-26 01:29:44.760 INFO  [restartedMain] [c.e.e.E114Eumyuratodemo1Application] - No active profile set, falling back to 1 default profile: "default"
2023-04-26 01:29:44.788 INFO  [restartedMain] [o.s.b.d.e.DevToolsPropertyDefaultsPostProcessor] - Devtools property defaults active! Set 'spring.devtools.add-properties' to 'false' to disable
2023-04-26 01:29:44.788 INFO  [restartedMain] [o.s.b.d.e.DevToolsPropertyDefaultsPostProcessor] - For additional web related logging consider setting the 'logging.level.web' property to 'DEBUG'
2023-04-26 01:29:45.206 INFO  [restartedMain] [o.s.d.r.c.RepositoryConfigurationDelegate] - Bootstrapping Spring Data JDBC repositories in DEFAULT mode.
2023-04-26 01:29:45.215 INFO  [restartedMain] [o.s.d.r.c.RepositoryConfigurationDelegate] - Finished Spring Data repository scanning in 6 ms. Found 0 JDBC repository interfaces.
2023-04-26 01:29:45.385 INFO  [restartedMain] [o.s.c.s.PostProcessorRegistrationDelegate$BeanPostProcessorChecker] - Bean 'org.springframework.ws.config.annotation.DelegatingWsConfiguration' of type [org.springframework.ws.config.annotation.DelegatingWsConfiguration$$EnhancerBySpringCGLIB$$fef7a894] is not eligible for getting processed by all BeanPostProcessors (for example: not eligible for auto-proxying)
2023-04-26 01:29:45.404 INFO  [restartedMain] [o.s.w.s.a.s.AnnotationActionEndpointMapping] - Supporting [WS-Addressing August 2004, WS-Addressing 1.0]
2023-04-26 01:29:45.593 INFO  [restartedMain] [o.s.b.w.embedded.tomcat.TomcatWebServer] - Tomcat initialized with port(s): 8081 (http)
2023-04-26 01:29:45.599 INFO  [restartedMain] [o.apache.coyote.http11.Http11NioProtocol] - Initializing ProtocolHandler ["http-nio-8081"]
2023-04-26 01:29:45.600 INFO  [restartedMain] [org.apache.catalina.core.StandardService] - Starting service [Tomcat]
2023-04-26 01:29:45.600 INFO  [restartedMain] [org.apache.catalina.core.StandardEngine] - Starting Servlet engine: [Apache Tomcat/9.0.73]
2023-04-26 01:29:45.653 INFO  [restartedMain] [o.a.c.c.C.[Tomcat].[localhost].[/]] - Initializing Spring embedded WebApplicationContext
2023-04-26 01:29:45.653 INFO  [restartedMain] [o.s.b.w.s.c.ServletWebServerApplicationContext] - Root WebApplicationContext: initialization completed in 864 ms
2023-04-26 01:29:45.858 WARN  [restartedMain] [o.s.b.w.s.c.AnnotationConfigServletWebServerApplicationContext] - Exception encountered during context initialization - cancelling refresh attempt: org.springframework.beans.factory.UnsatisfiedDependencyException: Error creating bean with name 'authProvider': Unsatisfied dependency expressed through field 'userService'; nested exception is org.springframework.beans.factory.UnsatisfiedDependencyException: Error creating bean with name 'userService': Unsatisfied dependency expressed through field 'passwordEncoder'; nested exception is org.springframework.beans.factory.UnsatisfiedDependencyException: Error creating bean with name 'securityConfig': Unsatisfied dependency expressed through field 'authProvider'; nested exception is org.springframework.beans.factory.BeanCurrentlyInCreationException: Error creating bean with name 'authProvider': Requested bean is currently in creation: Is there an unresolvable circular reference?
2023-04-26 01:29:45.860 INFO  [restartedMain] [org.apache.catalina.core.StandardService] - Stopping service [Tomcat]
2023-04-26 01:29:45.867 INFO  [restartedMain] [o.s.b.a.l.ConditionEvaluationReportLoggingListener] - 

Error starting ApplicationContext. To display the conditions report re-run your application with 'debug' enabled.
2023-04-26 01:29:45.883 ERROR [restartedMain] [o.s.b.d.LoggingFailureAnalysisReporter] - 

***************************
APPLICATION FAILED TO START
***************************

Description:

The dependencies of some of the beans in the application context form a cycle:

忙式式式式式忖
|  authProvider (field private com.e114.e114_eumyuratodemo1.service.UserService com.e114.e114_eumyuratodemo1.Security.AuthProvider.userService)
∟     ⊿
|  userService (field private org.springframework.security.crypto.password.PasswordEncoder com.e114.e114_eumyuratodemo1.service.UserService.passwordEncoder)
∟     ⊿
|  securityConfig (field private com.e114.e114_eumyuratodemo1.Security.AuthProvider com.e114.e114_eumyuratodemo1.Security.SecurityConfig.authProvider)
戌式式式式式戎


Action:

Relying upon circular references is discouraged and they are prohibited by default. Update your application to remove the dependency cycle between beans. As a last resort, it may be possible to break the cycle automatically by setting spring.main.allow-circular-references to true.

2023-04-26 01:40:25.241 INFO  [restartedMain] [c.e.e.E114Eumyuratodemo1Application] - Starting E114Eumyuratodemo1Application using Java 11 on DESKTOP-2AAO9KL with PID 249964 (C:\Users\User\IdeaProjects\E114_Eumyurato\build\classes\java\main started by User in C:\Users\User\IdeaProjects\E114_Eumyurato)
2023-04-26 01:40:25.242 INFO  [restartedMain] [c.e.e.E114Eumyuratodemo1Application] - No active profile set, falling back to 1 default profile: "default"
2023-04-26 01:40:25.272 INFO  [restartedMain] [o.s.b.d.e.DevToolsPropertyDefaultsPostProcessor] - Devtools property defaults active! Set 'spring.devtools.add-properties' to 'false' to disable
2023-04-26 01:40:25.273 INFO  [restartedMain] [o.s.b.d.e.DevToolsPropertyDefaultsPostProcessor] - For additional web related logging consider setting the 'logging.level.web' property to 'DEBUG'
2023-04-26 01:40:25.658 INFO  [restartedMain] [o.s.d.r.c.RepositoryConfigurationDelegate] - Bootstrapping Spring Data JDBC repositories in DEFAULT mode.
2023-04-26 01:40:25.666 INFO  [restartedMain] [o.s.d.r.c.RepositoryConfigurationDelegate] - Finished Spring Data repository scanning in 5 ms. Found 0 JDBC repository interfaces.
2023-04-26 01:40:25.836 INFO  [restartedMain] [o.s.c.s.PostProcessorRegistrationDelegate$BeanPostProcessorChecker] - Bean 'org.springframework.ws.config.annotation.DelegatingWsConfiguration' of type [org.springframework.ws.config.annotation.DelegatingWsConfiguration$$EnhancerBySpringCGLIB$$cd22657d] is not eligible for getting processed by all BeanPostProcessors (for example: not eligible for auto-proxying)
2023-04-26 01:40:25.854 INFO  [restartedMain] [o.s.w.s.a.s.AnnotationActionEndpointMapping] - Supporting [WS-Addressing August 2004, WS-Addressing 1.0]
2023-04-26 01:40:26.031 INFO  [restartedMain] [o.s.b.w.embedded.tomcat.TomcatWebServer] - Tomcat initialized with port(s): 8081 (http)
2023-04-26 01:40:26.037 INFO  [restartedMain] [o.apache.coyote.http11.Http11NioProtocol] - Initializing ProtocolHandler ["http-nio-8081"]
2023-04-26 01:40:26.037 INFO  [restartedMain] [org.apache.catalina.core.StandardService] - Starting service [Tomcat]
2023-04-26 01:40:26.037 INFO  [restartedMain] [org.apache.catalina.core.StandardEngine] - Starting Servlet engine: [Apache Tomcat/9.0.73]
2023-04-26 01:40:26.088 INFO  [restartedMain] [o.a.c.c.C.[Tomcat].[localhost].[/]] - Initializing Spring embedded WebApplicationContext
2023-04-26 01:40:26.088 INFO  [restartedMain] [o.s.b.w.s.c.ServletWebServerApplicationContext] - Root WebApplicationContext: initialization completed in 815 ms
2023-04-26 01:40:26.283 WARN  [restartedMain] [o.s.b.w.s.c.AnnotationConfigServletWebServerApplicationContext] - Exception encountered during context initialization - cancelling refresh attempt: org.springframework.beans.factory.UnsatisfiedDependencyException: Error creating bean with name 'authProvider': Unsatisfied dependency expressed through field 'userService'; nested exception is org.springframework.beans.factory.UnsatisfiedDependencyException: Error creating bean with name 'userService': Unsatisfied dependency expressed through field 'passwordEncoder'; nested exception is org.springframework.beans.factory.UnsatisfiedDependencyException: Error creating bean with name 'securityConfig': Unsatisfied dependency expressed through field 'authProvider'; nested exception is org.springframework.beans.factory.BeanCurrentlyInCreationException: Error creating bean with name 'authProvider': Requested bean is currently in creation: Is there an unresolvable circular reference?
2023-04-26 01:40:26.285 INFO  [restartedMain] [org.apache.catalina.core.StandardService] - Stopping service [Tomcat]
2023-04-26 01:40:26.292 INFO  [restartedMain] [o.s.b.a.l.ConditionEvaluationReportLoggingListener] - 

Error starting ApplicationContext. To display the conditions report re-run your application with 'debug' enabled.
2023-04-26 01:40:26.308 ERROR [restartedMain] [o.s.b.d.LoggingFailureAnalysisReporter] - 

***************************
APPLICATION FAILED TO START
***************************

Description:

The dependencies of some of the beans in the application context form a cycle:

忙式式式式式忖
|  authProvider (field private com.e114.e114_eumyuratodemo1.service.UserService com.e114.e114_eumyuratodemo1.Security.AuthProvider.userService)
∟     ⊿
|  userService (field private org.springframework.security.crypto.password.PasswordEncoder com.e114.e114_eumyuratodemo1.service.UserService.passwordEncoder)
∟     ⊿
|  securityConfig (field private com.e114.e114_eumyuratodemo1.Security.AuthProvider com.e114.e114_eumyuratodemo1.Security.SecurityConfig.authProvider)
戌式式式式式戎


Action:

Relying upon circular references is discouraged and they are prohibited by default. Update your application to remove the dependency cycle between beans. As a last resort, it may be possible to break the cycle automatically by setting spring.main.allow-circular-references to true.

2023-04-26 01:41:24.655 INFO  [restartedMain] [c.e.e.E114Eumyuratodemo1Application] - Starting E114Eumyuratodemo1Application using Java 11 on DESKTOP-2AAO9KL with PID 258180 (C:\Users\User\IdeaProjects\E114_Eumyurato\build\classes\java\main started by User in C:\Users\User\IdeaProjects\E114_Eumyurato)
2023-04-26 01:41:24.656 INFO  [restartedMain] [c.e.e.E114Eumyuratodemo1Application] - No active profile set, falling back to 1 default profile: "default"
2023-04-26 01:41:24.685 INFO  [restartedMain] [o.s.b.d.e.DevToolsPropertyDefaultsPostProcessor] - Devtools property defaults active! Set 'spring.devtools.add-properties' to 'false' to disable
2023-04-26 01:41:24.685 INFO  [restartedMain] [o.s.b.d.e.DevToolsPropertyDefaultsPostProcessor] - For additional web related logging consider setting the 'logging.level.web' property to 'DEBUG'
2023-04-26 01:41:25.094 INFO  [restartedMain] [o.s.d.r.c.RepositoryConfigurationDelegate] - Bootstrapping Spring Data JDBC repositories in DEFAULT mode.
2023-04-26 01:41:25.101 INFO  [restartedMain] [o.s.d.r.c.RepositoryConfigurationDelegate] - Finished Spring Data repository scanning in 5 ms. Found 0 JDBC repository interfaces.
2023-04-26 01:41:25.265 INFO  [restartedMain] [o.s.c.s.PostProcessorRegistrationDelegate$BeanPostProcessorChecker] - Bean 'org.springframework.ws.config.annotation.DelegatingWsConfiguration' of type [org.springframework.ws.config.annotation.DelegatingWsConfiguration$$EnhancerBySpringCGLIB$$1162dd62] is not eligible for getting processed by all BeanPostProcessors (for example: not eligible for auto-proxying)
2023-04-26 01:41:25.284 INFO  [restartedMain] [o.s.w.s.a.s.AnnotationActionEndpointMapping] - Supporting [WS-Addressing August 2004, WS-Addressing 1.0]
2023-04-26 01:41:25.462 INFO  [restartedMain] [o.s.b.w.embedded.tomcat.TomcatWebServer] - Tomcat initialized with port(s): 8081 (http)
2023-04-26 01:41:25.468 INFO  [restartedMain] [o.apache.coyote.http11.Http11NioProtocol] - Initializing ProtocolHandler ["http-nio-8081"]
2023-04-26 01:41:25.468 INFO  [restartedMain] [org.apache.catalina.core.StandardService] - Starting service [Tomcat]
2023-04-26 01:41:25.468 INFO  [restartedMain] [org.apache.catalina.core.StandardEngine] - Starting Servlet engine: [Apache Tomcat/9.0.73]
2023-04-26 01:41:25.520 INFO  [restartedMain] [o.a.c.c.C.[Tomcat].[localhost].[/]] - Initializing Spring embedded WebApplicationContext
2023-04-26 01:41:25.520 INFO  [restartedMain] [o.s.b.w.s.c.ServletWebServerApplicationContext] - Root WebApplicationContext: initialization completed in 834 ms
2023-04-26 01:41:25.707 WARN  [restartedMain] [o.s.b.w.s.c.AnnotationConfigServletWebServerApplicationContext] - Exception encountered during context initialization - cancelling refresh attempt: org.springframework.beans.factory.UnsatisfiedDependencyException: Error creating bean with name 'authProvider': Unsatisfied dependency expressed through field 'userService'; nested exception is org.springframework.beans.factory.UnsatisfiedDependencyException: Error creating bean with name 'userService': Unsatisfied dependency expressed through field 'passwordEncoder'; nested exception is org.springframework.beans.factory.UnsatisfiedDependencyException: Error creating bean with name 'securityConfig': Unsatisfied dependency expressed through field 'authProvider'; nested exception is org.springframework.beans.factory.BeanCurrentlyInCreationException: Error creating bean with name 'authProvider': Requested bean is currently in creation: Is there an unresolvable circular reference?
2023-04-26 01:41:25.709 INFO  [restartedMain] [org.apache.catalina.core.StandardService] - Stopping service [Tomcat]
2023-04-26 01:41:25.717 INFO  [restartedMain] [o.s.b.a.l.ConditionEvaluationReportLoggingListener] - 

Error starting ApplicationContext. To display the conditions report re-run your application with 'debug' enabled.
2023-04-26 01:41:25.735 ERROR [restartedMain] [o.s.b.d.LoggingFailureAnalysisReporter] - 

***************************
APPLICATION FAILED TO START
***************************

Description:

The dependencies of some of the beans in the application context form a cycle:

忙式式式式式忖
|  authProvider (field private com.e114.e114_eumyuratodemo1.service.UserService com.e114.e114_eumyuratodemo1.Security.AuthProvider.userService)
∟     ⊿
|  userService (field private org.springframework.security.crypto.password.PasswordEncoder com.e114.e114_eumyuratodemo1.service.UserService.passwordEncoder)
∟     ⊿
|  securityConfig (field private com.e114.e114_eumyuratodemo1.Security.AuthProvider com.e114.e114_eumyuratodemo1.Security.SecurityConfig.authProvider)
戌式式式式式戎


Action:

Relying upon circular references is discouraged and they are prohibited by default. Update your application to remove the dependency cycle between beans. As a last resort, it may be possible to break the cycle automatically by setting spring.main.allow-circular-references to true.

2023-04-26 02:06:10.136 INFO  [restartedMain] [c.e.e.E114Eumyuratodemo1Application] - Starting E114Eumyuratodemo1Application using Java 11 on DESKTOP-2AAO9KL with PID 259052 (C:\Users\User\IdeaProjects\E114_Eumyurato\build\classes\java\main started by User in C:\Users\User\IdeaProjects\E114_Eumyurato)
2023-04-26 02:06:10.137 INFO  [restartedMain] [c.e.e.E114Eumyuratodemo1Application] - No active profile set, falling back to 1 default profile: "default"
2023-04-26 02:06:10.163 INFO  [restartedMain] [o.s.b.d.e.DevToolsPropertyDefaultsPostProcessor] - Devtools property defaults active! Set 'spring.devtools.add-properties' to 'false' to disable
2023-04-26 02:06:10.163 INFO  [restartedMain] [o.s.b.d.e.DevToolsPropertyDefaultsPostProcessor] - For additional web related logging consider setting the 'logging.level.web' property to 'DEBUG'
2023-04-26 02:06:10.557 INFO  [restartedMain] [o.s.d.r.c.RepositoryConfigurationDelegate] - Bootstrapping Spring Data JDBC repositories in DEFAULT mode.
2023-04-26 02:06:10.565 INFO  [restartedMain] [o.s.d.r.c.RepositoryConfigurationDelegate] - Finished Spring Data repository scanning in 6 ms. Found 0 JDBC repository interfaces.
2023-04-26 02:06:10.732 INFO  [restartedMain] [o.s.c.s.PostProcessorRegistrationDelegate$BeanPostProcessorChecker] - Bean 'org.springframework.ws.config.annotation.DelegatingWsConfiguration' of type [org.springframework.ws.config.annotation.DelegatingWsConfiguration$$EnhancerBySpringCGLIB$$490fdfd2] is not eligible for getting processed by all BeanPostProcessors (for example: not eligible for auto-proxying)
2023-04-26 02:06:10.752 INFO  [restartedMain] [o.s.w.s.a.s.AnnotationActionEndpointMapping] - Supporting [WS-Addressing August 2004, WS-Addressing 1.0]
2023-04-26 02:06:10.930 INFO  [restartedMain] [o.s.b.w.embedded.tomcat.TomcatWebServer] - Tomcat initialized with port(s): 8081 (http)
2023-04-26 02:06:10.936 INFO  [restartedMain] [o.apache.coyote.http11.Http11NioProtocol] - Initializing ProtocolHandler ["http-nio-8081"]
2023-04-26 02:06:10.937 INFO  [restartedMain] [org.apache.catalina.core.StandardService] - Starting service [Tomcat]
2023-04-26 02:06:10.937 INFO  [restartedMain] [org.apache.catalina.core.StandardEngine] - Starting Servlet engine: [Apache Tomcat/9.0.73]
2023-04-26 02:06:10.988 INFO  [restartedMain] [o.a.c.c.C.[Tomcat].[localhost].[/]] - Initializing Spring embedded WebApplicationContext
2023-04-26 02:06:10.988 INFO  [restartedMain] [o.s.b.w.s.c.ServletWebServerApplicationContext] - Root WebApplicationContext: initialization completed in 824 ms
2023-04-26 02:06:11.054 WARN  [restartedMain] [o.s.b.w.s.c.AnnotationConfigServletWebServerApplicationContext] - Exception encountered during context initialization - cancelling refresh attempt: org.springframework.beans.factory.UnsatisfiedDependencyException: Error creating bean with name 'authProvider': Unsatisfied dependency expressed through field 'userService'; nested exception is org.springframework.beans.factory.UnsatisfiedDependencyException: Error creating bean with name 'userService' defined in file [C:\Users\User\IdeaProjects\E114_Eumyurato\build\classes\java\main\com\e114\e114_eumyuratodemo1\service\UserService.class]: Unsatisfied dependency expressed through constructor parameter 0; nested exception is org.springframework.beans.factory.UnsatisfiedDependencyException: Error creating bean with name 'securityConfig': Unsatisfied dependency expressed through field 'authProvider'; nested exception is org.springframework.beans.factory.BeanCurrentlyInCreationException: Error creating bean with name 'authProvider': Requested bean is currently in creation: Is there an unresolvable circular reference?
2023-04-26 02:06:11.056 INFO  [restartedMain] [org.apache.catalina.core.StandardService] - Stopping service [Tomcat]
2023-04-26 02:06:11.066 INFO  [restartedMain] [o.s.b.a.l.ConditionEvaluationReportLoggingListener] - 

Error starting ApplicationContext. To display the conditions report re-run your application with 'debug' enabled.
2023-04-26 02:06:11.080 ERROR [restartedMain] [o.s.b.d.LoggingFailureAnalysisReporter] - 

***************************
APPLICATION FAILED TO START
***************************

Description:

The dependencies of some of the beans in the application context form a cycle:

忙式式式式式忖
|  authProvider (field private com.e114.e114_eumyuratodemo1.service.UserService com.e114.e114_eumyuratodemo1.Security.AuthProvider.userService)
∟     ⊿
|  userService defined in file [C:\Users\User\IdeaProjects\E114_Eumyurato\build\classes\java\main\com\e114\e114_eumyuratodemo1\service\UserService.class]
∟     ⊿
|  securityConfig (field private com.e114.e114_eumyuratodemo1.Security.AuthProvider com.e114.e114_eumyuratodemo1.Security.SecurityConfig.authProvider)
戌式式式式式戎


Action:

Relying upon circular references is discouraged and they are prohibited by default. Update your application to remove the dependency cycle between beans. As a last resort, it may be possible to break the cycle automatically by setting spring.main.allow-circular-references to true.

2023-04-26 02:12:21.242 INFO  [restartedMain] [c.e.e.E114Eumyuratodemo1Application] - Starting E114Eumyuratodemo1Application using Java 11 on DESKTOP-2AAO9KL with PID 261088 (C:\Users\User\IdeaProjects\E114_Eumyurato\build\classes\java\main started by User in C:\Users\User\IdeaProjects\E114_Eumyurato)
2023-04-26 02:12:21.243 INFO  [restartedMain] [c.e.e.E114Eumyuratodemo1Application] - No active profile set, falling back to 1 default profile: "default"
2023-04-26 02:12:21.270 INFO  [restartedMain] [o.s.b.d.e.DevToolsPropertyDefaultsPostProcessor] - Devtools property defaults active! Set 'spring.devtools.add-properties' to 'false' to disable
2023-04-26 02:12:21.271 INFO  [restartedMain] [o.s.b.d.e.DevToolsPropertyDefaultsPostProcessor] - For additional web related logging consider setting the 'logging.level.web' property to 'DEBUG'
2023-04-26 02:12:21.674 INFO  [restartedMain] [o.s.d.r.c.RepositoryConfigurationDelegate] - Bootstrapping Spring Data JDBC repositories in DEFAULT mode.
2023-04-26 02:12:21.682 INFO  [restartedMain] [o.s.d.r.c.RepositoryConfigurationDelegate] - Finished Spring Data repository scanning in 6 ms. Found 0 JDBC repository interfaces.
2023-04-26 02:12:21.851 INFO  [restartedMain] [o.s.c.s.PostProcessorRegistrationDelegate$BeanPostProcessorChecker] - Bean 'org.springframework.ws.config.annotation.DelegatingWsConfiguration' of type [org.springframework.ws.config.annotation.DelegatingWsConfiguration$$EnhancerBySpringCGLIB$$ca8c4d16] is not eligible for getting processed by all BeanPostProcessors (for example: not eligible for auto-proxying)
2023-04-26 02:12:21.872 INFO  [restartedMain] [o.s.w.s.a.s.AnnotationActionEndpointMapping] - Supporting [WS-Addressing August 2004, WS-Addressing 1.0]
2023-04-26 02:12:22.050 INFO  [restartedMain] [o.s.b.w.embedded.tomcat.TomcatWebServer] - Tomcat initialized with port(s): 8081 (http)
2023-04-26 02:12:22.058 INFO  [restartedMain] [o.apache.coyote.http11.Http11NioProtocol] - Initializing ProtocolHandler ["http-nio-8081"]
2023-04-26 02:12:22.058 INFO  [restartedMain] [org.apache.catalina.core.StandardService] - Starting service [Tomcat]
2023-04-26 02:12:22.058 INFO  [restartedMain] [org.apache.catalina.core.StandardEngine] - Starting Servlet engine: [Apache Tomcat/9.0.73]
2023-04-26 02:12:22.111 INFO  [restartedMain] [o.a.c.c.C.[Tomcat].[localhost].[/]] - Initializing Spring embedded WebApplicationContext
2023-04-26 02:12:22.111 INFO  [restartedMain] [o.s.b.w.s.c.ServletWebServerApplicationContext] - Root WebApplicationContext: initialization completed in 840 ms
2023-04-26 02:12:22.176 WARN  [restartedMain] [o.s.b.w.s.c.AnnotationConfigServletWebServerApplicationContext] - Exception encountered during context initialization - cancelling refresh attempt: org.springframework.beans.factory.UnsatisfiedDependencyException: Error creating bean with name 'authProvider': Unsatisfied dependency expressed through field 'userService'; nested exception is org.springframework.beans.factory.UnsatisfiedDependencyException: Error creating bean with name 'userService' defined in file [C:\Users\User\IdeaProjects\E114_Eumyurato\build\classes\java\main\com\e114\e114_eumyuratodemo1\service\UserService.class]: Unsatisfied dependency expressed through constructor parameter 0; nested exception is org.springframework.beans.factory.UnsatisfiedDependencyException: Error creating bean with name 'securityConfig': Unsatisfied dependency expressed through field 'authProvider'; nested exception is org.springframework.beans.factory.BeanCurrentlyInCreationException: Error creating bean with name 'authProvider': Requested bean is currently in creation: Is there an unresolvable circular reference?
2023-04-26 02:12:22.177 INFO  [restartedMain] [org.apache.catalina.core.StandardService] - Stopping service [Tomcat]
2023-04-26 02:12:22.188 INFO  [restartedMain] [o.s.b.a.l.ConditionEvaluationReportLoggingListener] - 

Error starting ApplicationContext. To display the conditions report re-run your application with 'debug' enabled.
2023-04-26 02:12:22.202 ERROR [restartedMain] [o.s.b.d.LoggingFailureAnalysisReporter] - 

***************************
APPLICATION FAILED TO START
***************************

Description:

The dependencies of some of the beans in the application context form a cycle:

忙式式式式式忖
|  authProvider (field private com.e114.e114_eumyuratodemo1.service.UserService com.e114.e114_eumyuratodemo1.Security.AuthProvider.userService)
∟     ⊿
|  userService defined in file [C:\Users\User\IdeaProjects\E114_Eumyurato\build\classes\java\main\com\e114\e114_eumyuratodemo1\service\UserService.class]
∟     ⊿
|  securityConfig (field private com.e114.e114_eumyuratodemo1.Security.AuthProvider com.e114.e114_eumyuratodemo1.Security.SecurityConfig.authProvider)
戌式式式式式戎


Action:

Relying upon circular references is discouraged and they are prohibited by default. Update your application to remove the dependency cycle between beans. As a last resort, it may be possible to break the cycle automatically by setting spring.main.allow-circular-references to true.

